This file contains any messages produced by compilers while
running configure, to aid debugging if configure makes a mistake.

configure:552: checking for a BSD compatible install
configure:605: checking whether build environment is sane
configure:662: checking whether make sets ${MAKE}
configure:708: checking for working aclocal
configure:721: checking for working autoconf
configure:734: checking for working automake
configure:747: checking for working autoheader
configure:760: checking for working makeinfo
configure:777: checking for gcc
configure:854: checking whether the C compiler (gcc  ) works
configure:868: gcc -o conftest    conftest.c  1>&5
configure:888: checking whether the C compiler (gcc  ) is a cross-compiler
configure:893: checking whether we are using GNU C
configure:917: checking whether gcc accepts -g
configure:946: checking for main in -lgtk
configure:990: checking how to run the C preprocessor
configure:1054: checking for unistd.h
configure:1093: checking for ANSI C header files
configure:1197: checking for pid_t
configure:1231: checking for vfork.h
configure:1266: checking for working vfork
